#
# There is insufficient memory for the Java Runtime Environment to continue.
# Native memory allocation (malloc) failed to allocate 1048576 bytes for AllocateHeap
# Possible reasons:
#   The system is out of physical RAM or swap space
#   The process is running with CompressedOops enabled, and the Java Heap may be blocking the growth of the native heap
# Possible solutions:
#   Reduce memory load on the system
#   Increase physical memory or swap space
#   Check if swap backing store is full
#   Decrease Java heap size (-Xmx/-Xms)
#   Decrease number of Java threads
#   Decrease Java thread stack sizes (-Xss)
#   Set larger code cache with -XX:ReservedCodeCacheSize=
#   JVM is running with Zero Based Compressed Oops mode in which the Java heap is
#     placed in the first 32GB address space. The Java Heap base address is the
#     maximum limit for the native heap growth. Please use -XX:HeapBaseMinAddress
#     to set the Java Heap base and to place the Java Heap above 32GB virtual address.
# This output file may be truncated or incomplete.
#
#  Out of Memory Error (memory/allocation.inline.hpp:61), pid=18256, tid=0x00000000000038c4
#
# JRE version:  (8.0_201-b09) (build )
# Java VM: Java HotSpot(TM) 64-Bit Server VM (25.201-b09 mixed mode windows-amd64 compressed oops)
# Failed to write core dump. Minidumps are not enabled by default on client versions of Windows
#

---------------  T H R E A D  ---------------

Current thread (0x000000000233e000):  JavaThread "Unknown thread" [_thread_in_vm, id=14532, stack(0x0000000002340000,0x0000000002440000)]

Stack: [0x0000000002340000,0x0000000002440000]
[error occurred during error reporting (printing stack bounds), id 0xc0000005]

Native frames: (J=compiled Java code, j=interpreted, Vv=VM code, C=native code)


---------------  P R O C E S S  ---------------

Java Threads: ( => current thread )

Other Threads:

=>0x000000000233e000 (exited) JavaThread "Unknown thread" [_thread_in_vm, id=14532, stack(0x0000000002340000,0x0000000002440000)]

VM state:not at safepoint (normal execution)

VM Mutex/Monitor currently owned by a thread: None

heap address: 0x0000000701400000, size: 3052 MB, Compressed Oops mode: Zero based, Oop shift amount: 3
Narrow klass base: 0x0000000000000000, Narrow klass shift: 3
Compressed class space size: 1073741824 Address: 0x00000007c0000000

Heap:
 PSYoungGen      total 57344K, used 983K [0x0000000780700000, 0x0000000784700000, 0x00000007c0000000)
  eden space 49152K, 2% used [0x0000000780700000,0x00000007807f5c38,0x0000000783700000)
  from space 8192K, 0% used [0x0000000783f00000,0x0000000783f00000,0x0000000784700000)
  to   space 8192K, 0% used [0x0000000783700000,0x0000000783700000,0x0000000783f00000)
 ParOldGen       total 131072K, used 0K [0x0000000701400000, 0x0000000709400000, 0x0000000780700000)
  object space 131072K, 0% used [0x0000000701400000,0x0000000701400000,0x0000000709400000)
 Metaspace       used 753K, capacity 1092K, committed 1152K, reserved 1060864K
  class space    used 76K, capacity 384K, committed 384K, reserved 1048576K

Card table byte_map: [0x0000000011940000,0x0000000011f40000] byte_map_base: 0x000000000e136000

Marking Bits: (ParMarkBitMap*) 0x00000000523a4ce0
 Begin Bits: [0x0000000012b40000, 0x0000000015af0000)
 End Bits:   [0x0000000015af0000, 0x0000000018aa0000)

Polling page: 0x0000000000b00000

CodeCache: size=245760Kb used=328Kb max_used=328Kb free=245431Kb
 bounds [0x0000000002580000, 0x00000000027f0000, 0x0000000011580000]
 total_blobs=58 nmethods=0 adapters=38
 compilation: enabled

Compilation events (0 events):
No events

GC Heap History (0 events):
No events

Deoptimization events (0 events):
No events

Classes redefined (0 events):
No events

Internal exceptions (0 events):
No events

Events (10 events):
Event: 0.054 loading class java/lang/Short
Event: 0.054 loading class java/lang/Short done
Event: 0.054 loading class java/lang/Integer
Event: 0.054 loading class java/lang/Integer done
Event: 0.054 loading class java/lang/Long
Event: 0.054 loading class java/lang/Long done
Event: 0.055 loading class java/lang/NullPointerException
Event: 0.055 loading class java/lang/NullPointerException done
Event: 0.055 loading class java/lang/ArithmeticException
Event: 0.055 loading class java/lang/ArithmeticException done


Dynamic libraries:
0x00007ff748f30000 - 0x00007ff748f67000 	C:\Program Files\Java\jre1.8.0_201\bin\javaw.exe
0x00007ff95ede0000 - 0x00007ff95efd0000 	C:\WINDOWS\SYSTEM32\ntdll.dll
0x00007ff95d670000 - 0x00007ff95d722000 	C:\WINDOWS\System32\KERNEL32.DLL
0x00007ff95bf80000 - 0x00007ff95c222000 	C:\WINDOWS\System32\KERNELBASE.dll
0x00007ff95ecf0000 - 0x00007ff95ed93000 	C:\WINDOWS\System32\ADVAPI32.dll
0x00007ff95cfb0000 - 0x00007ff95d04e000 	C:\WINDOWS\System32\msvcrt.dll
0x00007ff95cf10000 - 0x00007ff95cfa7000 	C:\WINDOWS\System32\sechost.dll
0x00007ff95dbe0000 - 0x00007ff95dd00000 	C:\WINDOWS\System32\RPCRT4.dll
0x00007ff95d250000 - 0x00007ff95d3e3000 	C:\WINDOWS\System32\USER32.dll
0x00007ff95bea0000 - 0x00007ff95bec1000 	C:\WINDOWS\System32\win32u.dll
0x00007ff95e850000 - 0x00007ff95e876000 	C:\WINDOWS\System32\GDI32.dll
0x00007ff95c230000 - 0x00007ff95c3c4000 	C:\WINDOWS\System32\gdi32full.dll
0x00007ff95be00000 - 0x00007ff95be9e000 	C:\WINDOWS\System32\msvcp_win.dll
0x00007ff95cda0000 - 0x00007ff95ce9a000 	C:\WINDOWS\System32\ucrtbase.dll
0x00007ff95b1c0000 - 0x00007ff95b445000 	C:\WINDOWS\WinSxS\amd64_microsoft.windows.common-controls_6595b64144ccf1df_6.0.18362.86_none_a143621e519dc228\COMCTL32.dll
0x00007ff95d8a0000 - 0x00007ff95dbd6000 	C:\WINDOWS\System32\combase.dll
0x00007ff95bd70000 - 0x00007ff95bdf1000 	C:\WINDOWS\System32\bcryptPrimitives.dll
0x00007ff95d800000 - 0x00007ff95d82e000 	C:\WINDOWS\System32\IMM32.DLL
0x00000000519c0000 - 0x0000000051a91000 	C:\Program Files\Java\jre1.8.0_201\bin\msvcr100.dll
0x0000000051b80000 - 0x0000000052424000 	C:\Program Files\Java\jre1.8.0_201\bin\server\jvm.dll
0x00007ff95d3f0000 - 0x00007ff95d3f8000 	C:\WINDOWS\System32\PSAPI.DLL
0x00007ff959ef0000 - 0x00007ff959ef9000 	C:\WINDOWS\SYSTEM32\WSOCK32.dll
0x00007ff9593c0000 - 0x00007ff9593ca000 	C:\WINDOWS\SYSTEM32\VERSION.dll
0x00007ff957980000 - 0x00007ff9579a4000 	C:\WINDOWS\SYSTEM32\WINMM.dll
0x00007ff95ea30000 - 0x00007ff95ea9f000 	C:\WINDOWS\System32\WS2_32.dll
0x00007ff957930000 - 0x00007ff95795d000 	C:\WINDOWS\SYSTEM32\winmmbase.dll
0x00007ff95cd30000 - 0x00007ff95cd7a000 	C:\WINDOWS\System32\cfgmgr32.dll
0x00007ff959e70000 - 0x00007ff959e7f000 	C:\Program Files\Java\jre1.8.0_201\bin\verify.dll
0x00007ff9539e0000 - 0x00007ff953a09000 	C:\Program Files\Java\jre1.8.0_201\bin\java.dll
0x00007ff957a60000 - 0x00007ff957a76000 	C:\Program Files\Java\jre1.8.0_201\bin\zip.dll

VM Arguments:
jvm_args: -Dfile.encoding=Cp1252 
java_command: Buscar
java_class_path (initial): C:\Users\darko\Desktop\ProyectoInmobiliario\Inmobiliaria\bin;C:\Users\darko\Desktop\ProyectoInmobiliario\Inmobiliaria\miglayout15-swing.jar
Launcher Type: SUN_STANDARD

Environment Variables:
PATH=C:/Program Files/Java/jre1.8.0_201/bin/server;C:/Program Files/Java/jre1.8.0_201/bin;C:/Program Files/Java/jre1.8.0_201/lib/amd64;C:\Program Files (x86)\Common Files\Oracle\Java\javapath;C:\Windows\system32;C:\Windows;C:\Windows\System32\Wbem;C:\Windows\System32\WindowsPowerShell\v1.0\;C:\Windows\System32\OpenSSH\;C:\Program Files\NVIDIA Corporation\NVIDIA NvDLISR;C:\Program Files (x86)\NVIDIA Corporation\PhysX\Common;C:\Program Files\PuTTY\;C:\Program Files\Git\cmd;C:\Program Files\MATLAB\R2018b\runtime\win64;C:\Program Files\MATLAB\R2018b\bin;C:\WINDOWS\system32;C:\WINDOWS;C:\WINDOWS\System32\Wbem;C:\WINDOWS\System32\WindowsPowerShell\v1.0\;C:\WINDOWS\System32\OpenSSH\;C:\Program Files\nodejs\;C:\Users\darko\AppData\Local\Microsoft\WindowsApps;C:\Users\darko\AppData\Local\GitHubDesktop\bin;C:\Users\darko\AppData\Local\atom\bin;C:\Users\darko\AppData\Local\Programs\Microsoft VS Code Insiders\bin;C:\Users\darko\AppData\Local\Microsoft\WindowsApps;C:\Program Files\MATLAB\R2018b\bin;C:\Program Files (x86)\Nmap;C:\Users\darko\AppData\Roaming\npm;C:\Users\darko\eclipse\java-2019-03\eclipse;
USERNAME=darko
OS=Windows_NT
PROCESSOR_IDENTIFIER=Intel64 Family 6 Model 60 Stepping 3, GenuineIntel



---------------  S Y S T E M  ---------------

OS: Windows 10.0 , 64 bit Build 18362 (10.0.18362.86)

CPU:total 8 (initial active 8) (4 cores per cpu, 2 threads per core) family 6 model 60 stepping 3, cmov, cx8, fxsr, mmx, sse, sse2, sse3, ssse3, sse4.1, sse4.2, popcnt, avx, avx2, aes, clmul, erms, lzcnt, ht, tsc, tscinvbit, bmi1, bmi2

Memory: 4k page, physical 12493080k(4837176k free), swap 17613080k(5288k free)

vm_info: Java HotSpot(TM) 64-Bit Server VM (25.201-b09) for windows-amd64 JRE (1.8.0_201-b09), built on Dec 15 2018 18:36:39 by "java_re" with MS VC++ 10.0 (VS2010)

time: Mon May 06 00:31:13 2019
timezone: Hora de verano central (México)
elapsed time: 0 seconds (0d 0h 0m 0s)

